<?xml version="1.0" encoding="UTF-8"?>
<!-- Generated by org.testng.reporters.JUnitReportReporter -->
<testsuite hostname="DESKTOP-8NEVVBR" failures="0" tests="1" name="Practice.OrgTest" time="0.016" errors="0" timestamp="2022-09-20T12:47:24 IST" skipped="0">
  <testcase classname="Practice.OrgTest" name="orgTest" time="0.016"/>
  <system-out/>
</testsuite> <!-- Practice.OrgTest -->
